<?xml version="1.0" encoding="UTF-8"?>
<testng-results ignored="0" total="1" passed="1" failed="0" skipped="0">
  <reporter-output>
  </reporter-output>
  <suite started-at="2018-09-23T17:52:11Z" name="Default suite" finished-at="2018-09-23T17:52:11Z" duration-ms="170">
    <groups>
    </groups>
    <test started-at="2018-09-23T17:52:11Z" name="Default test" finished-at="2018-09-23T17:52:11Z" duration-ms="170">
      <class name="Homepage.JenkinsTest">
        <test-method signature="jenkinsReadDataFromXMLFile()[pri:0, instance:Homepage.JenkinsTest@7494f96a]" started-at="2018-09-23T17:52:11Z" name="jenkinsReadDataFromXMLFile" finished-at="2018-09-23T17:52:11Z" duration-ms="88" status="PASS">
          <reporter-output>
          </reporter-output>
        </test-method> <!-- jenkinsReadDataFromXMLFile -->
      </class> <!-- Homepage.JenkinsTest -->
    </test> <!-- Default test -->
  </suite> <!-- Default suite -->
</testng-results>
